<?xml version="1.0" encoding="UTF-8"?>
<!-- Generated by org.testng.reporters.JUnitReportReporter -->
<testsuite hostname="Lenovo-PC" failures="0" tests="5" name="api.test.UserTest2" time="4.698" errors="0" timestamp="2023-07-21T15:10:28 IST" skipped="0">
  <testcase classname="api.test.UserTest2" name="createUser" time="0.774"/>
  <system-out/>
  <testcase classname="api.test.UserTest2" name="ViewUser" time="0.838"/>
  <system-out/>
  <testcase classname="api.test.UserTest2" name="updatingUser" time="1.196"/>
  <system-out/>
  <testcase classname="api.test.UserTest2" name="deletingUser" time="0.942"/>
  <system-out/>
  <testcase classname="api.test.UserTest2" name="getAllUsers" time="0.948"/>
  <system-out/>
</testsuite> <!-- api.test.UserTest2 -->
