<?xml version="1.0" encoding="UTF-8"?>
<!-- Generated by org.testng.reporters.JUnitReportReporter -->
<testsuite hostname="Lenovo-PC" failures="0" tests="5" name="api.test.UserTest" time="9.096" errors="0" timestamp="2023-07-21T01:24:57 IST" skipped="0">
  <testcase classname="api.test.UserTest" name="createUser" time="6.623"/>
  <system-out/>
  <testcase classname="api.test.UserTest" name="ViewUser" time="0.627"/>
  <system-out/>
  <testcase classname="api.test.UserTest" name="updatingUser" time="0.674"/>
  <system-out/>
  <testcase classname="api.test.UserTest" name="deletingUser" time="0.631"/>
  <system-out/>
  <testcase classname="api.test.UserTest" name="getAllUsers" time="0.541"/>
  <system-out/>
</testsuite> <!-- api.test.UserTest -->
