<?xml version="1.0" encoding="UTF-8"?>
<!-- Generated by org.testng.reporters.JUnitReportReporter -->
<testsuite hostname="Lenovo-PC" failures="0" tests="1" name="api.utilities.DataProviders" time="3.679" errors="0" timestamp="2023-07-21T14:35:02 IST" skipped="0">
  <testcase classname="api.utilities.DataProviders" name="getAllData1" time="3.679"/>
  <system-out/>
</testsuite> <!-- api.utilities.DataProviders -->
