<?xml version="1.0" encoding="UTF-8"?>
<!-- Generated by org.testng.reporters.JUnitReportReporter -->
<testsuite hostname="Lenovo-PC" failures="0" tests="5" name="api.test.UserTest" time="10.857" errors="0" timestamp="2023-07-21T15:10:28 IST" skipped="0">
  <testcase classname="api.test.UserTest" name="createUser" time="7.641"/>
  <system-out/>
  <testcase classname="api.test.UserTest" name="ViewUser" time="1.079"/>
  <system-out/>
  <testcase classname="api.test.UserTest" name="updatingUser" time="0.660"/>
  <system-out/>
  <testcase classname="api.test.UserTest" name="deletingUser" time="0.753"/>
  <system-out/>
  <testcase classname="api.test.UserTest" name="getAllUsers" time="0.724"/>
  <system-out/>
</testsuite> <!-- api.test.UserTest -->
