<?xml version="1.0" encoding="UTF-8"?>
<!-- Generated by org.testng.reporters.JUnitReportReporter -->
<testsuite hostname="Lenovo-PC" failures="0" tests="5" name="api.test.UserTest2" time="2.767" errors="0" timestamp="2023-07-21T17:58:09 IST" skipped="0">
  <testcase classname="api.test.UserTest2" name="createUser" time="0.620"/>
  <system-out/>
  <testcase classname="api.test.UserTest2" name="ViewUser" time="0.573"/>
  <system-out/>
  <testcase classname="api.test.UserTest2" name="updatingUser" time="0.547"/>
  <system-out/>
  <testcase classname="api.test.UserTest2" name="deletingUser" time="0.496"/>
  <system-out/>
  <testcase classname="api.test.UserTest2" name="getAllUsers" time="0.531"/>
  <system-out/>
</testsuite> <!-- api.test.UserTest2 -->
