<?xml version="1.0" encoding="UTF-8"?>
<!-- Generated by org.testng.reporters.JUnitReportReporter -->
<testsuite hostname="Lenovo-PC" failures="0" tests="4" name="api.test.DDTest" time="2.886" errors="0" timestamp="2023-07-21T15:10:28 IST" skipped="0">
  <testcase classname="api.test.DDTest" name="testPostUser" time="0.722"/>
  <system-out/>
  <testcase classname="api.test.DDTest" name="testPostUser" time="0.651"/>
  <system-out/>
  <testcase classname="api.test.DDTest" name="testPostUser" time="0.662"/>
  <system-out/>
  <testcase classname="api.test.DDTest" name="testPostUser" time="0.851"/>
  <system-out/>
</testsuite> <!-- api.test.DDTest -->
