<?xml version="1.0" encoding="UTF-8"?>
<!-- Generated by org.testng.reporters.JUnitReportReporter -->
<testsuite hostname="Lenovo-PC" failures="0" tests="5" name="api.test.UserTest" time="32.480" errors="0" timestamp="2023-07-21T15:20:26 IST" skipped="0">
  <testcase classname="api.test.UserTest" name="createUser" time="9.146"/>
  <testcase classname="api.test.UserTest" name="ViewUser" time="2.892"/>
  <testcase classname="api.test.UserTest" name="updatingUser" time="14.482"/>
  <testcase classname="api.test.UserTest" name="deletingUser" time="5.292"/>
  <testcase classname="api.test.UserTest" name="getAllUsers" time="0.668"/>
</testsuite> <!-- api.test.UserTest -->
