<?xml version="1.0" encoding="UTF-8"?>
<!-- Generated by org.testng.reporters.JUnitReportReporter -->
<testsuite hostname="Lenovo-PC" failures="0" tests="5" name="api.test.UserTest" time="15.746" errors="0" timestamp="2023-07-21T15:41:04 IST" skipped="0">
  <testcase classname="api.test.UserTest" name="createUser" time="9.510"/>
  <testcase classname="api.test.UserTest" name="ViewUser" time="1.648"/>
  <testcase classname="api.test.UserTest" name="updatingUser" time="2.419"/>
  <testcase classname="api.test.UserTest" name="deletingUser" time="0.754"/>
  <testcase classname="api.test.UserTest" name="getAllUsers" time="1.415"/>
</testsuite> <!-- api.test.UserTest -->
