<?xml version="1.0" encoding="UTF-8"?>
<!-- Generated by org.testng.reporters.JUnitReportReporter -->
<testsuite hostname="Lenovo-PC" failures="0" tests="5" name="api.test.UserTest" time="8.658" errors="0" timestamp="2023-07-21T17:58:57 IST" skipped="0">
  <testcase classname="api.test.UserTest" name="createUser" time="5.533"/>
  <testcase classname="api.test.UserTest" name="ViewUser" time="1.172"/>
  <testcase classname="api.test.UserTest" name="updatingUser" time="0.625"/>
  <testcase classname="api.test.UserTest" name="deletingUser" time="0.687"/>
  <testcase classname="api.test.UserTest" name="getAllUsers" time="0.641"/>
</testsuite> <!-- api.test.UserTest -->
