<?xml version="1.0" encoding="UTF-8"?>
<!-- Generated by org.testng.reporters.JUnitReportReporter -->
<testsuite hostname="Lenovo-PC" failures="0" tests="5" name="api.test.UserTest2" time="9.400" errors="0" timestamp="2023-07-21T15:20:26 IST" skipped="0">
  <testcase classname="api.test.UserTest2" name="createUser" time="2.715"/>
  <testcase classname="api.test.UserTest2" name="ViewUser" time="1.453"/>
  <testcase classname="api.test.UserTest2" name="updatingUser" time="1.139"/>
  <testcase classname="api.test.UserTest2" name="deletingUser" time="1.760"/>
  <testcase classname="api.test.UserTest2" name="getAllUsers" time="2.333"/>
</testsuite> <!-- api.test.UserTest2 -->
