<?xml version="1.0" encoding="UTF-8"?>
<!-- Generated by org.testng.reporters.JUnitReportReporter -->
<testsuite hostname="Lenovo-PC" failures="0" tests="5" name="api.test.UserTest2" time="5.071" errors="0" timestamp="2023-07-21T15:41:04 IST" skipped="0">
  <testcase classname="api.test.UserTest2" name="createUser" time="1.643"/>
  <testcase classname="api.test.UserTest2" name="ViewUser" time="0.590"/>
  <testcase classname="api.test.UserTest2" name="updatingUser" time="0.718"/>
  <testcase classname="api.test.UserTest2" name="deletingUser" time="1.412"/>
  <testcase classname="api.test.UserTest2" name="getAllUsers" time="0.708"/>
</testsuite> <!-- api.test.UserTest2 -->
