<?xml version="1.0" encoding="UTF-8"?>
<!-- Generated by org.testng.reporters.JUnitReportReporter -->
<testsuite hostname="Lenovo-PC" failures="0" tests="4" name="api.test.DDTest" time="7.005" errors="0" timestamp="2023-07-21T15:20:26 IST" skipped="0">
  <testcase classname="api.test.DDTest" name="testPostUser" time="1.457"/>
  <testcase classname="api.test.DDTest" name="testPostUser" time="3.294"/>
  <testcase classname="api.test.DDTest" name="testPostUser" time="0.842"/>
  <testcase classname="api.test.DDTest" name="testPostUser" time="1.412"/>
</testsuite> <!-- api.test.DDTest -->
