<?xml version="1.0" encoding="UTF-8"?>
<!-- Generated by org.testng.reporters.JUnitReportReporter -->
<testsuite hostname="Lenovo-PC" failures="0" tests="5" name="api.test.UserTest" time="21.156" errors="0" timestamp="2023-07-21T01:39:15 IST" skipped="0">
  <testcase classname="api.test.UserTest" name="createUser" time="13.900"/>
  <testcase classname="api.test.UserTest" name="ViewUser" time="0.844"/>
  <testcase classname="api.test.UserTest" name="updatingUser" time="4.000"/>
  <testcase classname="api.test.UserTest" name="deletingUser" time="1.724"/>
  <testcase classname="api.test.UserTest" name="getAllUsers" time="0.688"/>
</testsuite> <!-- api.test.UserTest -->
