<?xml version="1.0" encoding="UTF-8"?>
<!-- Generated by org.testng.reporters.JUnitReportReporter -->
<testsuite hostname="Lenovo-PC" failures="0" tests="4" name="api.test.DDTest" time="2.888" errors="0" timestamp="2023-07-21T15:41:04 IST" skipped="0">
  <testcase classname="api.test.DDTest" name="testPostUser" time="0.781"/>
  <testcase classname="api.test.DDTest" name="testPostUser" time="0.749"/>
  <testcase classname="api.test.DDTest" name="testPostUser" time="0.579"/>
  <testcase classname="api.test.DDTest" name="testPostUser" time="0.779"/>
</testsuite> <!-- api.test.DDTest -->
