<?xml version="1.0" encoding="UTF-8"?>
<!-- Generated by org.testng.reporters.JUnitReportReporter -->
<testsuite hostname="Lenovo-PC" failures="0" tests="5" name="api.test.UserTest" time="16.461" errors="0" timestamp="2023-07-21T04:44:29 IST" skipped="0">
  <testcase classname="api.test.UserTest" name="createUser" time="13.911"/>
  <testcase classname="api.test.UserTest" name="ViewUser" time="0.636"/>
  <testcase classname="api.test.UserTest" name="updatingUser" time="0.681"/>
  <testcase classname="api.test.UserTest" name="deletingUser" time="0.600"/>
  <testcase classname="api.test.UserTest" name="getAllUsers" time="0.633"/>
</testsuite> <!-- api.test.UserTest -->
